{"label":"💥 Uncaught Exception","level":"error","message":"listen EADDRINUSE: address already in use :::3002","stack":"Error: listen EADDRINUSE: address already in use :::3002\n    at Server.setupListenHandle [as _listen2] (node:net:2008:16)\n    at listenInCluster (node:net:2065:12)\n    at Server.listen (node:net:2170:7)\n    at Object.<anonymous> (/Users/prince/Downloads/SrmEcosystem/ioserver/server.js:104:8)\n    at Module._compile (node:internal/modules/cjs/loader:1809:14)\n    at Object..js (node:internal/modules/cjs/loader:1940:10)\n    at Module.load (node:internal/modules/cjs/loader:1530:32)\n    at Module._load (node:internal/modules/cjs/loader:1332:12)\n    at wrapModuleLoad (node:internal/modules/cjs/loader:255:19)\n    at Module.executeUserEntryPoint [as runMain] (node:internal/modules/run_main:154:5)","timestamp":"2026-02-09T14:58:28.312Z"}
{"label":"💥 Uncaught Exception","level":"error","message":"listen EADDRINUSE: address already in use :::3002","stack":"Error: listen EADDRINUSE: address already in use :::3002\n    at Server.setupListenHandle [as _listen2] (node:net:2008:16)\n    at listenInCluster (node:net:2065:12)\n    at Server.listen (node:net:2170:7)\n    at Object.<anonymous> (/Users/prince/Downloads/SrmEcosystem/ioserver/server.js:104:8)\n    at Module._compile (node:internal/modules/cjs/loader:1809:14)\n    at Object..js (node:internal/modules/cjs/loader:1940:10)\n    at Module.load (node:internal/modules/cjs/loader:1530:32)\n    at Module._load (node:internal/modules/cjs/loader:1332:12)\n    at wrapModuleLoad (node:internal/modules/cjs/loader:255:19)\n    at Module.executeUserEntryPoint [as runMain] (node:internal/modules/run_main:154:5)","timestamp":"2026-02-09T14:58:28.312Z"}
{"level":"info","message":"🚀 Worker 94873 listening on port 3002","timestamp":"2026-02-09T14:58:28.312Z"}
{"level":"info","message":"Attempting to connect to database...","timestamp":"2026-02-09T14:58:28.314Z"}
{"level":"info","message":"✅ Redis Pub Client Connected","timestamp":"2026-02-09T14:58:28.521Z"}
{"level":"info","message":"✅ Redis Pub Client Connected","timestamp":"2026-02-09T14:58:28.521Z"}
{"level":"info","message":"✅ Redis Pub Client Connected","timestamp":"2026-02-09T14:58:28.521Z"}
{"level":"info","message":"✅ Redis Sub Client Connected","timestamp":"2026-02-09T14:58:28.522Z"}
{"level":"info","message":"✅ Redis Sub Client Connected","timestamp":"2026-02-09T14:58:28.538Z"}
{"level":"info","message":"✅ Redis Sub Client Connected","timestamp":"2026-02-09T14:58:28.540Z"}
{"level":"info","message":"✅ Connected to database via Prisma","timestamp":"2026-02-09T14:58:29.388Z"}
{"level":"info","message":"🚀 Worker 94990 listening on port 3002","timestamp":"2026-02-09T14:58:55.602Z"}
{"level":"info","message":"Attempting to connect to database...","timestamp":"2026-02-09T14:58:55.604Z"}
{"level":"info","message":"✅ Redis Pub Client Connected","timestamp":"2026-02-09T14:58:55.766Z"}
{"level":"info","message":"✅ Redis Sub Client Connected","timestamp":"2026-02-09T14:58:55.766Z"}
{"level":"info","message":"✅ Connected to database via Prisma","timestamp":"2026-02-09T14:58:57.326Z"}
{"level":"info","message":"Redis Sub Client reconnecting in 100ms","timestamp":"2026-02-09T15:03:17.337Z"}
{"level":"info","message":"Redis Sub Client reconnecting in 100ms","timestamp":"2026-02-09T15:03:17.337Z"}
{"level":"info","message":"Redis Sub Client reconnecting in 100ms","timestamp":"2026-02-09T15:03:17.338Z"}
{"level":"info","message":"✅ Redis Pub Client Connected","timestamp":"2026-02-09T15:03:17.621Z"}
{"level":"info","message":"✅ Redis Pub Client Connected","timestamp":"2026-02-09T15:03:17.625Z"}
{"level":"info","message":"✅ Redis Pub Client Connected","timestamp":"2026-02-09T15:03:17.625Z"}
{"level":"info","message":"✅ Redis Sub Client Connected","timestamp":"2026-02-09T15:03:17.630Z"}
{"level":"info","message":"✅ Redis Sub Client Connected","timestamp":"2026-02-09T15:03:17.630Z"}
{"level":"info","message":"✅ Redis Sub Client Connected","timestamp":"2026-02-09T15:03:17.631Z"}
{"label":"Redis Pub Client Error","level":"error","message":"read ECONNRESET","stack":"Error: read ECONNRESET\n    at TCP.onStreamRead (node:internal/stream_base_commons:216:20)","timestamp":"2026-02-09T15:03:17.859Z"}
{"label":"Redis Pub Client Error","level":"error","message":"read ECONNRESET","stack":"Error: read ECONNRESET\n    at TCP.onStreamRead (node:internal/stream_base_commons:216:20)","timestamp":"2026-02-09T15:03:17.859Z"}
{"label":"Redis Pub Client Error","level":"error","message":"read ECONNRESET","stack":"Error: read ECONNRESET\n    at TCP.onStreamRead (node:internal/stream_base_commons:216:20)","timestamp":"2026-02-09T15:03:17.859Z"}
{"level":"warn","message":"Redis Sub Client: ECONNRESET, waiting for auto-reconnect","timestamp":"2026-02-09T15:03:17.861Z"}
{"level":"info","message":"Redis Sub Client reconnecting in 200ms","timestamp":"2026-02-09T15:03:17.862Z"}
{"level":"warn","message":"Redis Sub Client: ECONNRESET, waiting for auto-reconnect","timestamp":"2026-02-09T15:03:17.860Z"}
{"level":"info","message":"Redis Sub Client reconnecting in 200ms","timestamp":"2026-02-09T15:03:17.861Z"}
{"level":"warn","message":"Redis Sub Client: ECONNRESET, waiting for auto-reconnect","timestamp":"2026-02-09T15:03:17.861Z"}
{"level":"info","message":"Redis Sub Client reconnecting in 200ms","timestamp":"2026-02-09T15:03:17.861Z"}
{"level":"info","message":"✅ Redis Pub Client Connected","timestamp":"2026-02-09T15:03:25.580Z"}
{"level":"info","message":"✅ Redis Sub Client Connected","timestamp":"2026-02-09T15:03:25.580Z"}
{"level":"info","message":"✅ Redis Pub Client Connected","timestamp":"2026-02-09T15:03:25.582Z"}
{"level":"info","message":"✅ Redis Pub Client Connected","timestamp":"2026-02-09T15:03:25.582Z"}
{"level":"info","message":"✅ Redis Sub Client Connected","timestamp":"2026-02-09T15:03:25.582Z"}
{"level":"info","message":"✅ Redis Sub Client Connected","timestamp":"2026-02-09T15:03:25.592Z"}
{"level":"info","message":"✅ Redis Pub Client Connected","timestamp":"2026-02-09T15:13:26.312Z"}
{"level":"info","message":"✅ Redis Pub Client Connected","timestamp":"2026-02-09T15:13:26.333Z"}
{"level":"info","message":"✅ Redis Pub Client Connected","timestamp":"2026-02-09T15:13:26.335Z"}
{"label":"💥 Uncaught Exception","level":"error","message":"listen EADDRINUSE: address already in use :::3002","stack":"Error: listen EADDRINUSE: address already in use :::3002\n    at Server.setupListenHandle [as _listen2] (node:net:2008:16)\n    at listenInCluster (node:net:2065:12)\n    at Server.listen (node:net:2170:7)\n    at Object.<anonymous> (/Users/prince/Downloads/SrmEcosystem/ioserver/server.js:104:8)\n    at Module._compile (node:internal/modules/cjs/loader:1809:14)\n    at Object..js (node:internal/modules/cjs/loader:1940:10)\n    at Module.load (node:internal/modules/cjs/loader:1530:32)\n    at Module._load (node:internal/modules/cjs/loader:1332:12)\n    at wrapModuleLoad (node:internal/modules/cjs/loader:255:19)\n    at Module.executeUserEntryPoint [as runMain] (node:internal/modules/run_main:154:5)","timestamp":"2026-02-09T15:14:18.159Z"}
{"label":"💥 Uncaught Exception","level":"error","message":"listen EADDRINUSE: address already in use :::3002","stack":"Error: listen EADDRINUSE: address already in use :::3002\n    at Server.setupListenHandle [as _listen2] (node:net:2008:16)\n    at listenInCluster (node:net:2065:12)\n    at Server.listen (node:net:2170:7)\n    at Object.<anonymous> (/Users/prince/Downloads/SrmEcosystem/ioserver/server.js:104:8)\n    at Module._compile (node:internal/modules/cjs/loader:1809:14)\n    at Object..js (node:internal/modules/cjs/loader:1940:10)\n    at Module.load (node:internal/modules/cjs/loader:1530:32)\n    at Module._load (node:internal/modules/cjs/loader:1332:12)\n    at wrapModuleLoad (node:internal/modules/cjs/loader:255:19)\n    at Module.executeUserEntryPoint [as runMain] (node:internal/modules/run_main:154:5)","timestamp":"2026-02-09T15:14:18.159Z"}
{"label":"💥 Uncaught Exception","level":"error","message":"listen EADDRINUSE: address already in use :::3002","stack":"Error: listen EADDRINUSE: address already in use :::3002\n    at Server.setupListenHandle [as _listen2] (node:net:2008:16)\n    at listenInCluster (node:net:2065:12)\n    at Server.listen (node:net:2170:7)\n    at Object.<anonymous> (/Users/prince/Downloads/SrmEcosystem/ioserver/server.js:104:8)\n    at Module._compile (node:internal/modules/cjs/loader:1809:14)\n    at Object..js (node:internal/modules/cjs/loader:1940:10)\n    at Module.load (node:internal/modules/cjs/loader:1530:32)\n    at Module._load (node:internal/modules/cjs/loader:1332:12)\n    at wrapModuleLoad (node:internal/modules/cjs/loader:255:19)\n    at Module.executeUserEntryPoint [as runMain] (node:internal/modules/run_main:154:5)","timestamp":"2026-02-09T15:14:18.159Z"}
{"level":"info","message":"🚀 Worker 95798 listening on port 3002","timestamp":"2026-02-09T15:14:18.159Z"}
{"level":"info","message":"Attempting to connect to database...","timestamp":"2026-02-09T15:14:18.160Z"}
{"level":"info","message":"✅ Redis Pub Client Connected","timestamp":"2026-02-09T15:14:18.451Z"}
{"level":"info","message":"✅ Redis Sub Client Connected","timestamp":"2026-02-09T15:14:18.451Z"}
{"level":"info","message":"✅ Redis Sub Client Connected","timestamp":"2026-02-09T15:14:18.451Z"}
{"level":"info","message":"✅ Redis Sub Client Connected","timestamp":"2026-02-09T15:14:18.451Z"}
{"level":"info","message":"✅ Redis Pub Client Connected","timestamp":"2026-02-09T15:14:18.452Z"}
{"level":"info","message":"✅ Redis Sub Client Connected","timestamp":"2026-02-09T15:14:18.452Z"}
{"level":"info","message":"✅ Redis Pub Client Connected","timestamp":"2026-02-09T15:14:18.452Z"}
{"level":"info","message":"✅ Redis Pub Client Connected","timestamp":"2026-02-09T15:14:18.452Z"}
{"level":"info","message":"✅ Connected to database via Prisma","timestamp":"2026-02-09T15:14:19.413Z"}
{"label":"💥 Uncaught Exception","level":"error","message":"listen EADDRINUSE: address already in use :::3002","stack":"Error: listen EADDRINUSE: address already in use :::3002\n    at Server.setupListenHandle [as _listen2] (node:net:2008:16)\n    at listenInCluster (node:net:2065:12)\n    at Server.listen (node:net:2170:7)\n    at Object.<anonymous> (/Users/prince/Downloads/SrmEcosystem/ioserver/server.js:104:8)\n    at Module._compile (node:internal/modules/cjs/loader:1809:14)\n    at Object..js (node:internal/modules/cjs/loader:1940:10)\n    at Module.load (node:internal/modules/cjs/loader:1530:32)\n    at Module._load (node:internal/modules/cjs/loader:1332:12)\n    at wrapModuleLoad (node:internal/modules/cjs/loader:255:19)\n    at Module.executeUserEntryPoint [as runMain] (node:internal/modules/run_main:154:5)","timestamp":"2026-02-09T15:14:27.748Z"}
{"level":"info","message":"🚀 Worker 95967 listening on port 3002","timestamp":"2026-02-09T15:14:27.748Z"}
{"label":"💥 Uncaught Exception","level":"error","message":"listen EADDRINUSE: address already in use :::3002","stack":"Error: listen EADDRINUSE: address already in use :::3002\n    at Server.setupListenHandle [as _listen2] (node:net:2008:16)\n    at listenInCluster (node:net:2065:12)\n    at Server.listen (node:net:2170:7)\n    at Object.<anonymous> (/Users/prince/Downloads/SrmEcosystem/ioserver/server.js:104:8)\n    at Module._compile (node:internal/modules/cjs/loader:1809:14)\n    at Object..js (node:internal/modules/cjs/loader:1940:10)\n    at Module.load (node:internal/modules/cjs/loader:1530:32)\n    at Module._load (node:internal/modules/cjs/loader:1332:12)\n    at wrapModuleLoad (node:internal/modules/cjs/loader:255:19)\n    at Module.executeUserEntryPoint [as runMain] (node:internal/modules/run_main:154:5)","timestamp":"2026-02-09T15:14:27.749Z"}
{"label":"💥 Uncaught Exception","level":"error","message":"listen EADDRINUSE: address already in use :::3002","stack":"Error: listen EADDRINUSE: address already in use :::3002\n    at Server.setupListenHandle [as _listen2] (node:net:2008:16)\n    at listenInCluster (node:net:2065:12)\n    at Server.listen (node:net:2170:7)\n    at Object.<anonymous> (/Users/prince/Downloads/SrmEcosystem/ioserver/server.js:104:8)\n    at Module._compile (node:internal/modules/cjs/loader:1809:14)\n    at Object..js (node:internal/modules/cjs/loader:1940:10)\n    at Module.load (node:internal/modules/cjs/loader:1530:32)\n    at Module._load (node:internal/modules/cjs/loader:1332:12)\n    at wrapModuleLoad (node:internal/modules/cjs/loader:255:19)\n    at Module.executeUserEntryPoint [as runMain] (node:internal/modules/run_main:154:5)","timestamp":"2026-02-09T15:14:27.748Z"}
{"level":"info","message":"Attempting to connect to database...","timestamp":"2026-02-09T15:14:27.750Z"}
{"level":"info","message":"✅ Redis Pub Client Connected","timestamp":"2026-02-09T15:14:28.006Z"}
{"level":"info","message":"✅ Redis Pub Client Connected","timestamp":"2026-02-09T15:14:28.006Z"}
{"level":"info","message":"✅ Redis Sub Client Connected","timestamp":"2026-02-09T15:14:28.009Z"}
{"level":"info","message":"✅ Redis Sub Client Connected","timestamp":"2026-02-09T15:14:28.009Z"}
{"level":"info","message":"✅ Redis Sub Client Connected","timestamp":"2026-02-09T15:14:28.009Z"}
{"level":"info","message":"✅ Redis Pub Client Connected","timestamp":"2026-02-09T15:14:28.010Z"}
{"level":"info","message":"✅ Redis Pub Client Connected","timestamp":"2026-02-09T15:14:28.010Z"}
{"level":"info","message":"✅ Redis Sub Client Connected","timestamp":"2026-02-09T15:14:28.014Z"}
{"level":"info","message":"✅ Connected to database via Prisma","timestamp":"2026-02-09T15:14:28.944Z"}
{"level":"info","message":"🚀 Worker 96101 listening on port 3002","timestamp":"2026-02-09T15:14:40.516Z"}
{"level":"info","message":"Attempting to connect to database...","timestamp":"2026-02-09T15:14:40.517Z"}
{"label":"💥 Uncaught Exception","level":"error","message":"listen EADDRINUSE: address already in use :::3002","stack":"Error: listen EADDRINUSE: address already in use :::3002\n    at Server.setupListenHandle [as _listen2] (node:net:2008:16)\n    at listenInCluster (node:net:2065:12)\n    at Server.listen (node:net:2170:7)\n    at Object.<anonymous> (/Users/prince/Downloads/SrmEcosystem/ioserver/server.js:104:8)\n    at Module._compile (node:internal/modules/cjs/loader:1809:14)\n    at Object..js (node:internal/modules/cjs/loader:1940:10)\n    at Module.load (node:internal/modules/cjs/loader:1530:32)\n    at Module._load (node:internal/modules/cjs/loader:1332:12)\n    at wrapModuleLoad (node:internal/modules/cjs/loader:255:19)\n    at Module.executeUserEntryPoint [as runMain] (node:internal/modules/run_main:154:5)","timestamp":"2026-02-09T15:14:40.516Z"}
{"label":"💥 Uncaught Exception","level":"error","message":"listen EADDRINUSE: address already in use :::3002","stack":"Error: listen EADDRINUSE: address already in use :::3002\n    at Server.setupListenHandle [as _listen2] (node:net:2008:16)\n    at listenInCluster (node:net:2065:12)\n    at Server.listen (node:net:2170:7)\n    at Object.<anonymous> (/Users/prince/Downloads/SrmEcosystem/ioserver/server.js:104:8)\n    at Module._compile (node:internal/modules/cjs/loader:1809:14)\n    at Object..js (node:internal/modules/cjs/loader:1940:10)\n    at Module.load (node:internal/modules/cjs/loader:1530:32)\n    at Module._load (node:internal/modules/cjs/loader:1332:12)\n    at wrapModuleLoad (node:internal/modules/cjs/loader:255:19)\n    at Module.executeUserEntryPoint [as runMain] (node:internal/modules/run_main:154:5)","timestamp":"2026-02-09T15:14:40.517Z"}
{"label":"💥 Uncaught Exception","level":"error","message":"listen EADDRINUSE: address already in use :::3002","stack":"Error: listen EADDRINUSE: address already in use :::3002\n    at Server.setupListenHandle [as _listen2] (node:net:2008:16)\n    at listenInCluster (node:net:2065:12)\n    at Server.listen (node:net:2170:7)\n    at Object.<anonymous> (/Users/prince/Downloads/SrmEcosystem/ioserver/server.js:104:8)\n    at Module._compile (node:internal/modules/cjs/loader:1809:14)\n    at Object..js (node:internal/modules/cjs/loader:1940:10)\n    at Module.load (node:internal/modules/cjs/loader:1530:32)\n    at Module._load (node:internal/modules/cjs/loader:1332:12)\n    at wrapModuleLoad (node:internal/modules/cjs/loader:255:19)\n    at Module.executeUserEntryPoint [as runMain] (node:internal/modules/run_main:154:5)","timestamp":"2026-02-09T15:14:40.516Z"}
{"level":"info","message":"✅ Redis Sub Client Connected","timestamp":"2026-02-09T15:14:40.722Z"}
{"level":"info","message":"✅ Redis Pub Client Connected","timestamp":"2026-02-09T15:14:40.723Z"}
{"level":"info","message":"✅ Redis Pub Client Connected","timestamp":"2026-02-09T15:14:40.724Z"}
{"level":"info","message":"✅ Redis Pub Client Connected","timestamp":"2026-02-09T15:14:40.724Z"}
{"level":"info","message":"✅ Redis Pub Client Connected","timestamp":"2026-02-09T15:14:40.724Z"}
{"level":"info","message":"✅ Redis Sub Client Connected","timestamp":"2026-02-09T15:14:40.728Z"}
{"level":"info","message":"✅ Redis Sub Client Connected","timestamp":"2026-02-09T15:14:40.731Z"}
{"level":"info","message":"✅ Redis Sub Client Connected","timestamp":"2026-02-09T15:14:40.749Z"}
{"level":"info","message":"✅ Connected to database via Prisma","timestamp":"2026-02-09T15:14:41.888Z"}
{"label":"💥 Uncaught Exception","level":"error","message":"listen EADDRINUSE: address already in use :::3002","stack":"Error: listen EADDRINUSE: address already in use :::3002\n    at Server.setupListenHandle [as _listen2] (node:net:2008:16)\n    at listenInCluster (node:net:2065:12)\n    at Server.listen (node:net:2170:7)\n    at Object.<anonymous> (/Users/prince/Downloads/SrmEcosystem/ioserver/server.js:104:8)\n    at Module._compile (node:internal/modules/cjs/loader:1809:14)\n    at Object..js (node:internal/modules/cjs/loader:1940:10)\n    at Module.load (node:internal/modules/cjs/loader:1530:32)\n    at Module._load (node:internal/modules/cjs/loader:1332:12)\n    at wrapModuleLoad (node:internal/modules/cjs/loader:255:19)\n    at Module.executeUserEntryPoint [as runMain] (node:internal/modules/run_main:154:5)","timestamp":"2026-02-09T15:23:32.923Z"}
{"label":"💥 Uncaught Exception","level":"error","message":"listen EADDRINUSE: address already in use :::3002","stack":"Error: listen EADDRINUSE: address already in use :::3002\n    at Server.setupListenHandle [as _listen2] (node:net:2008:16)\n    at listenInCluster (node:net:2065:12)\n    at Server.listen (node:net:2170:7)\n    at Object.<anonymous> (/Users/prince/Downloads/SrmEcosystem/ioserver/server.js:104:8)\n    at Module._compile (node:internal/modules/cjs/loader:1809:14)\n    at Object..js (node:internal/modules/cjs/loader:1940:10)\n    at Module.load (node:internal/modules/cjs/loader:1530:32)\n    at Module._load (node:internal/modules/cjs/loader:1332:12)\n    at wrapModuleLoad (node:internal/modules/cjs/loader:255:19)\n    at Module.executeUserEntryPoint [as runMain] (node:internal/modules/run_main:154:5)","timestamp":"2026-02-09T15:23:32.923Z"}
{"label":"💥 Uncaught Exception","level":"error","message":"listen EADDRINUSE: address already in use :::3002","stack":"Error: listen EADDRINUSE: address already in use :::3002\n    at Server.setupListenHandle [as _listen2] (node:net:2008:16)\n    at listenInCluster (node:net:2065:12)\n    at Server.listen (node:net:2170:7)\n    at Object.<anonymous> (/Users/prince/Downloads/SrmEcosystem/ioserver/server.js:104:8)\n    at Module._compile (node:internal/modules/cjs/loader:1809:14)\n    at Object..js (node:internal/modules/cjs/loader:1940:10)\n    at Module.load (node:internal/modules/cjs/loader:1530:32)\n    at Module._load (node:internal/modules/cjs/loader:1332:12)\n    at wrapModuleLoad (node:internal/modules/cjs/loader:255:19)\n    at Module.executeUserEntryPoint [as runMain] (node:internal/modules/run_main:154:5)","timestamp":"2026-02-09T15:23:32.923Z"}
{"level":"info","message":"🚀 Worker 96835 listening on port 3002","timestamp":"2026-02-09T15:23:32.923Z"}
{"level":"info","message":"Attempting to connect to database...","timestamp":"2026-02-09T15:23:32.924Z"}
{"level":"info","message":"✅ Redis Sub Client Connected","timestamp":"2026-02-09T15:23:33.191Z"}
{"level":"info","message":"✅ Redis Pub Client Connected","timestamp":"2026-02-09T15:23:33.191Z"}
{"level":"info","message":"✅ Redis Sub Client Connected","timestamp":"2026-02-09T15:23:33.191Z"}
{"level":"info","message":"✅ Redis Pub Client Connected","timestamp":"2026-02-09T15:23:33.193Z"}
{"level":"info","message":"✅ Redis Sub Client Connected","timestamp":"2026-02-09T15:23:33.195Z"}
{"level":"info","message":"✅ Redis Pub Client Connected","timestamp":"2026-02-09T15:23:33.195Z"}
{"level":"info","message":"✅ Redis Pub Client Connected","timestamp":"2026-02-09T15:23:33.197Z"}
{"level":"info","message":"✅ Redis Sub Client Connected","timestamp":"2026-02-09T15:23:33.198Z"}
{"level":"info","message":"✅ Connected to database via Prisma","timestamp":"2026-02-09T15:23:34.315Z"}
{"label":"💥 Uncaught Exception","level":"error","message":"listen EADDRINUSE: address already in use :::3002","stack":"Error: listen EADDRINUSE: address already in use :::3002\n    at Server.setupListenHandle [as _listen2] (node:net:2008:16)\n    at listenInCluster (node:net:2065:12)\n    at Server.listen (node:net:2170:7)\n    at Object.<anonymous> (/Users/prince/Downloads/SrmEcosystem/ioserver/server.js:104:8)\n    at Module._compile (node:internal/modules/cjs/loader:1809:14)\n    at Object..js (node:internal/modules/cjs/loader:1940:10)\n    at Module.load (node:internal/modules/cjs/loader:1530:32)\n    at Module._load (node:internal/modules/cjs/loader:1332:12)\n    at wrapModuleLoad (node:internal/modules/cjs/loader:255:19)\n    at Module.executeUserEntryPoint [as runMain] (node:internal/modules/run_main:154:5)","timestamp":"2026-02-09T15:23:41.280Z"}
{"label":"💥 Uncaught Exception","level":"error","message":"listen EADDRINUSE: address already in use :::3002","stack":"Error: listen EADDRINUSE: address already in use :::3002\n    at Server.setupListenHandle [as _listen2] (node:net:2008:16)\n    at listenInCluster (node:net:2065:12)\n    at Server.listen (node:net:2170:7)\n    at Object.<anonymous> (/Users/prince/Downloads/SrmEcosystem/ioserver/server.js:104:8)\n    at Module._compile (node:internal/modules/cjs/loader:1809:14)\n    at Object..js (node:internal/modules/cjs/loader:1940:10)\n    at Module.load (node:internal/modules/cjs/loader:1530:32)\n    at Module._load (node:internal/modules/cjs/loader:1332:12)\n    at wrapModuleLoad (node:internal/modules/cjs/loader:255:19)\n    at Module.executeUserEntryPoint [as runMain] (node:internal/modules/run_main:154:5)","timestamp":"2026-02-09T15:23:41.280Z"}
{"label":"💥 Uncaught Exception","level":"error","message":"listen EADDRINUSE: address already in use :::3002","stack":"Error: listen EADDRINUSE: address already in use :::3002\n    at Server.setupListenHandle [as _listen2] (node:net:2008:16)\n    at listenInCluster (node:net:2065:12)\n    at Server.listen (node:net:2170:7)\n    at Object.<anonymous> (/Users/prince/Downloads/SrmEcosystem/ioserver/server.js:104:8)\n    at Module._compile (node:internal/modules/cjs/loader:1809:14)\n    at Object..js (node:internal/modules/cjs/loader:1940:10)\n    at Module.load (node:internal/modules/cjs/loader:1530:32)\n    at Module._load (node:internal/modules/cjs/loader:1332:12)\n    at wrapModuleLoad (node:internal/modules/cjs/loader:255:19)\n    at Module.executeUserEntryPoint [as runMain] (node:internal/modules/run_main:154:5)","timestamp":"2026-02-09T15:23:41.280Z"}
{"level":"info","message":"🚀 Worker 96951 listening on port 3002","timestamp":"2026-02-09T15:23:41.280Z"}
{"level":"info","message":"Attempting to connect to database...","timestamp":"2026-02-09T15:23:41.282Z"}
{"level":"info","message":"✅ Redis Pub Client Connected","timestamp":"2026-02-09T15:23:41.585Z"}
{"level":"info","message":"✅ Redis Pub Client Connected","timestamp":"2026-02-09T15:23:41.586Z"}
{"level":"info","message":"✅ Redis Pub Client Connected","timestamp":"2026-02-09T15:23:41.587Z"}
{"level":"info","message":"✅ Redis Sub Client Connected","timestamp":"2026-02-09T15:23:41.610Z"}
{"level":"info","message":"✅ Redis Sub Client Connected","timestamp":"2026-02-09T15:23:41.612Z"}
{"level":"info","message":"✅ Redis Pub Client Connected","timestamp":"2026-02-09T15:23:41.612Z"}
{"level":"info","message":"✅ Redis Sub Client Connected","timestamp":"2026-02-09T15:23:41.615Z"}
{"level":"info","message":"✅ Redis Sub Client Connected","timestamp":"2026-02-09T15:23:41.615Z"}
{"level":"info","message":"✅ Connected to database via Prisma","timestamp":"2026-02-09T15:23:42.576Z"}
{"label":"💥 Uncaught Exception","level":"error","message":"listen EADDRINUSE: address already in use :::3002","stack":"Error: listen EADDRINUSE: address already in use :::3002\n    at Server.setupListenHandle [as _listen2] (node:net:2008:16)\n    at listenInCluster (node:net:2065:12)\n    at Server.listen (node:net:2170:7)\n    at Object.<anonymous> (/Users/prince/Downloads/SrmEcosystem/ioserver/server.js:104:8)\n    at Module._compile (node:internal/modules/cjs/loader:1809:14)\n    at Object..js (node:internal/modules/cjs/loader:1940:10)\n    at Module.load (node:internal/modules/cjs/loader:1530:32)\n    at Module._load (node:internal/modules/cjs/loader:1332:12)\n    at wrapModuleLoad (node:internal/modules/cjs/loader:255:19)\n    at Module.executeUserEntryPoint [as runMain] (node:internal/modules/run_main:154:5)","timestamp":"2026-02-09T20:04:28.144Z"}
{"label":"💥 Uncaught Exception","level":"error","message":"listen EADDRINUSE: address already in use :::3002","stack":"Error: listen EADDRINUSE: address already in use :::3002\n    at Server.setupListenHandle [as _listen2] (node:net:2008:16)\n    at listenInCluster (node:net:2065:12)\n    at Server.listen (node:net:2170:7)\n    at Object.<anonymous> (/Users/prince/Downloads/SrmEcosystem/ioserver/server.js:104:8)\n    at Module._compile (node:internal/modules/cjs/loader:1809:14)\n    at Object..js (node:internal/modules/cjs/loader:1940:10)\n    at Module.load (node:internal/modules/cjs/loader:1530:32)\n    at Module._load (node:internal/modules/cjs/loader:1332:12)\n    at wrapModuleLoad (node:internal/modules/cjs/loader:255:19)\n    at Module.executeUserEntryPoint [as runMain] (node:internal/modules/run_main:154:5)","timestamp":"2026-02-09T20:04:28.144Z"}
{"label":"💥 Uncaught Exception","level":"error","message":"listen EADDRINUSE: address already in use :::3002","stack":"Error: listen EADDRINUSE: address already in use :::3002\n    at Server.setupListenHandle [as _listen2] (node:net:2008:16)\n    at listenInCluster (node:net:2065:12)\n    at Server.listen (node:net:2170:7)\n    at Object.<anonymous> (/Users/prince/Downloads/SrmEcosystem/ioserver/server.js:104:8)\n    at Module._compile (node:internal/modules/cjs/loader:1809:14)\n    at Object..js (node:internal/modules/cjs/loader:1940:10)\n    at Module.load (node:internal/modules/cjs/loader:1530:32)\n    at Module._load (node:internal/modules/cjs/loader:1332:12)\n    at wrapModuleLoad (node:internal/modules/cjs/loader:255:19)\n    at Module.executeUserEntryPoint [as runMain] (node:internal/modules/run_main:154:5)","timestamp":"2026-02-09T20:04:28.144Z"}
{"label":"💥 Uncaught Exception","level":"error","message":"listen EADDRINUSE: address already in use :::3002","stack":"Error: listen EADDRINUSE: address already in use :::3002\n    at Server.setupListenHandle [as _listen2] (node:net:2008:16)\n    at listenInCluster (node:net:2065:12)\n    at Server.listen (node:net:2170:7)\n    at Object.<anonymous> (/Users/prince/Downloads/SrmEcosystem/ioserver/server.js:104:8)\n    at Module._compile (node:internal/modules/cjs/loader:1809:14)\n    at Object..js (node:internal/modules/cjs/loader:1940:10)\n    at Module.load (node:internal/modules/cjs/loader:1530:32)\n    at Module._load (node:internal/modules/cjs/loader:1332:12)\n    at wrapModuleLoad (node:internal/modules/cjs/loader:255:19)\n    at Module.executeUserEntryPoint [as runMain] (node:internal/modules/run_main:154:5)","timestamp":"2026-02-09T20:04:28.144Z"}
{"level":"info","message":"🚀 Worker 11481 listening on port 3002","timestamp":"2026-02-09T20:04:28.144Z"}
{"level":"info","message":"Attempting to connect to database...","timestamp":"2026-02-09T20:04:28.145Z"}
{"level":"info","message":"✅ Redis Sub Client Connected","timestamp":"2026-02-09T20:04:28.309Z"}
{"level":"info","message":"✅ Redis Sub Client Connected","timestamp":"2026-02-09T20:04:28.309Z"}
{"level":"info","message":"✅ Redis Sub Client Connected","timestamp":"2026-02-09T20:04:28.311Z"}
{"level":"info","message":"✅ Redis Pub Client Connected","timestamp":"2026-02-09T20:04:28.320Z"}
{"level":"info","message":"✅ Redis Pub Client Connected","timestamp":"2026-02-09T20:04:28.320Z"}
{"level":"info","message":"✅ Redis Pub Client Connected","timestamp":"2026-02-09T20:04:28.320Z"}
{"level":"info","message":"✅ Redis Pub Client Connected","timestamp":"2026-02-09T20:04:28.320Z"}
{"level":"info","message":"✅ Redis Pub Client Connected","timestamp":"2026-02-09T20:04:28.321Z"}
{"level":"info","message":"✅ Redis Sub Client Connected","timestamp":"2026-02-09T20:04:28.321Z"}
{"level":"info","message":"✅ Redis Sub Client Connected","timestamp":"2026-02-09T20:04:28.321Z"}
{"level":"info","message":"✅ Connected to database via Prisma","timestamp":"2026-02-09T20:04:28.911Z"}
{"level":"info","message":"✅ Redis Pub Client Connected","timestamp":"2026-02-09T20:14:28.779Z"}
{"level":"info","message":"✅ Redis Pub Client Connected","timestamp":"2026-02-09T20:14:28.779Z"}
{"level":"info","message":"✅ Redis Pub Client Connected","timestamp":"2026-02-09T20:14:28.788Z"}
{"level":"info","message":"✅ Redis Pub Client Connected","timestamp":"2026-02-09T20:14:28.788Z"}
{"level":"info","message":"✅ Redis Pub Client Connected","timestamp":"2026-02-09T20:14:28.880Z"}
{"label":"💥 Uncaught Exception","level":"error","message":"listen EADDRINUSE: address already in use :::3002","stack":"Error: listen EADDRINUSE: address already in use :::3002\n    at Server.setupListenHandle [as _listen2] (node:net:2008:16)\n    at listenInCluster (node:net:2065:12)\n    at Server.listen (node:net:2170:7)\n    at Object.<anonymous> (/Users/prince/Downloads/SrmEcosystem/ioserver/server.js:104:8)\n    at Module._compile (node:internal/modules/cjs/loader:1809:14)\n    at Object..js (node:internal/modules/cjs/loader:1940:10)\n    at Module.load (node:internal/modules/cjs/loader:1530:32)\n    at Module._load (node:internal/modules/cjs/loader:1332:12)\n    at wrapModuleLoad (node:internal/modules/cjs/loader:255:19)\n    at Module.executeUserEntryPoint [as runMain] (node:internal/modules/run_main:154:5)","timestamp":"2026-02-09T20:22:48.389Z"}
{"label":"💥 Uncaught Exception","level":"error","message":"listen EADDRINUSE: address already in use :::3002","stack":"Error: listen EADDRINUSE: address already in use :::3002\n    at Server.setupListenHandle [as _listen2] (node:net:2008:16)\n    at listenInCluster (node:net:2065:12)\n    at Server.listen (node:net:2170:7)\n    at Object.<anonymous> (/Users/prince/Downloads/SrmEcosystem/ioserver/server.js:104:8)\n    at Module._compile (node:internal/modules/cjs/loader:1809:14)\n    at Object..js (node:internal/modules/cjs/loader:1940:10)\n    at Module.load (node:internal/modules/cjs/loader:1530:32)\n    at Module._load (node:internal/modules/cjs/loader:1332:12)\n    at wrapModuleLoad (node:internal/modules/cjs/loader:255:19)\n    at Module.executeUserEntryPoint [as runMain] (node:internal/modules/run_main:154:5)","timestamp":"2026-02-09T20:22:48.389Z"}
{"label":"💥 Uncaught Exception","level":"error","message":"listen EADDRINUSE: address already in use :::3002","stack":"Error: listen EADDRINUSE: address already in use :::3002\n    at Server.setupListenHandle [as _listen2] (node:net:2008:16)\n    at listenInCluster (node:net:2065:12)\n    at Server.listen (node:net:2170:7)\n    at Object.<anonymous> (/Users/prince/Downloads/SrmEcosystem/ioserver/server.js:104:8)\n    at Module._compile (node:internal/modules/cjs/loader:1809:14)\n    at Object..js (node:internal/modules/cjs/loader:1940:10)\n    at Module.load (node:internal/modules/cjs/loader:1530:32)\n    at Module._load (node:internal/modules/cjs/loader:1332:12)\n    at wrapModuleLoad (node:internal/modules/cjs/loader:255:19)\n    at Module.executeUserEntryPoint [as runMain] (node:internal/modules/run_main:154:5)","timestamp":"2026-02-09T20:22:48.389Z"}
{"label":"💥 Uncaught Exception","level":"error","message":"listen EADDRINUSE: address already in use :::3002","stack":"Error: listen EADDRINUSE: address already in use :::3002\n    at Server.setupListenHandle [as _listen2] (node:net:2008:16)\n    at listenInCluster (node:net:2065:12)\n    at Server.listen (node:net:2170:7)\n    at Object.<anonymous> (/Users/prince/Downloads/SrmEcosystem/ioserver/server.js:104:8)\n    at Module._compile (node:internal/modules/cjs/loader:1809:14)\n    at Object..js (node:internal/modules/cjs/loader:1940:10)\n    at Module.load (node:internal/modules/cjs/loader:1530:32)\n    at Module._load (node:internal/modules/cjs/loader:1332:12)\n    at wrapModuleLoad (node:internal/modules/cjs/loader:255:19)\n    at Module.executeUserEntryPoint [as runMain] (node:internal/modules/run_main:154:5)","timestamp":"2026-02-09T20:22:48.389Z"}
{"level":"info","message":"🚀 Worker 12587 listening on port 3002","timestamp":"2026-02-09T20:22:48.389Z"}
{"level":"info","message":"Attempting to connect to database...","timestamp":"2026-02-09T20:22:48.391Z"}
{"level":"info","message":"✅ Redis Sub Client Connected","timestamp":"2026-02-09T20:22:48.553Z"}
{"level":"info","message":"✅ Redis Pub Client Connected","timestamp":"2026-02-09T20:22:48.558Z"}
{"level":"info","message":"✅ Redis Sub Client Connected","timestamp":"2026-02-09T20:22:48.558Z"}
{"level":"info","message":"✅ Redis Pub Client Connected","timestamp":"2026-02-09T20:22:48.558Z"}
{"level":"info","message":"✅ Redis Pub Client Connected","timestamp":"2026-02-09T20:22:48.558Z"}
{"level":"info","message":"✅ Redis Pub Client Connected","timestamp":"2026-02-09T20:22:48.558Z"}
{"level":"info","message":"✅ Redis Sub Client Connected","timestamp":"2026-02-09T20:22:48.561Z"}
{"level":"info","message":"✅ Redis Pub Client Connected","timestamp":"2026-02-09T20:22:48.561Z"}
{"level":"info","message":"✅ Redis Sub Client Connected","timestamp":"2026-02-09T20:22:48.564Z"}
{"level":"info","message":"✅ Redis Sub Client Connected","timestamp":"2026-02-09T20:22:48.564Z"}
{"level":"info","message":"✅ Connected to database via Prisma","timestamp":"2026-02-09T20:22:49.054Z"}
{"level":"info","message":"✅ Redis Pub Client Connected","timestamp":"2026-02-09T20:32:49.117Z"}
{"level":"info","message":"✅ Redis Pub Client Connected","timestamp":"2026-02-09T20:32:49.120Z"}
{"level":"info","message":"✅ Redis Pub Client Connected","timestamp":"2026-02-09T20:32:49.125Z"}
{"level":"info","message":"✅ Redis Pub Client Connected","timestamp":"2026-02-09T20:32:49.141Z"}
{"level":"info","message":"✅ Redis Pub Client Connected","timestamp":"2026-02-09T20:32:49.141Z"}
{"level":"info","message":"✅ Redis Pub Client Connected","timestamp":"2026-02-09T20:42:49.686Z"}
{"level":"info","message":"✅ Redis Pub Client Connected","timestamp":"2026-02-09T20:42:49.686Z"}
{"level":"info","message":"✅ Redis Pub Client Connected","timestamp":"2026-02-09T20:42:49.691Z"}
{"level":"info","message":"✅ Redis Pub Client Connected","timestamp":"2026-02-09T20:42:49.693Z"}
{"level":"info","message":"✅ Redis Pub Client Connected","timestamp":"2026-02-09T20:42:49.693Z"}
{"level":"info","message":"✅ Redis Pub Client Connected","timestamp":"2026-02-09T20:52:50.155Z"}
{"level":"info","message":"✅ Redis Pub Client Connected","timestamp":"2026-02-09T20:52:50.162Z"}
{"level":"info","message":"✅ Redis Pub Client Connected","timestamp":"2026-02-09T20:52:50.164Z"}
{"level":"info","message":"✅ Redis Pub Client Connected","timestamp":"2026-02-09T20:52:50.167Z"}
{"level":"info","message":"✅ Redis Pub Client Connected","timestamp":"2026-02-09T20:52:50.170Z"}
{"level":"info","message":"✅ Redis Pub Client Connected","timestamp":"2026-02-09T21:02:50.736Z"}
{"level":"info","message":"✅ Redis Pub Client Connected","timestamp":"2026-02-09T21:02:50.821Z"}
{"level":"info","message":"✅ Redis Pub Client Connected","timestamp":"2026-02-09T21:02:50.821Z"}
{"level":"info","message":"✅ Redis Pub Client Connected","timestamp":"2026-02-09T21:02:50.821Z"}
{"level":"info","message":"✅ Redis Pub Client Connected","timestamp":"2026-02-09T21:02:50.821Z"}
{"level":"info","message":"✅ Redis Pub Client Connected","timestamp":"2026-02-09T21:12:51.421Z"}
{"level":"info","message":"✅ Redis Pub Client Connected","timestamp":"2026-02-09T21:12:51.422Z"}
{"level":"info","message":"✅ Redis Pub Client Connected","timestamp":"2026-02-09T21:12:51.434Z"}
{"level":"info","message":"✅ Redis Pub Client Connected","timestamp":"2026-02-09T21:12:51.434Z"}
{"level":"info","message":"✅ Redis Pub Client Connected","timestamp":"2026-02-09T21:12:51.434Z"}
{"level":"info","message":"✅ Redis Pub Client Connected","timestamp":"2026-02-09T21:22:51.842Z"}
{"level":"info","message":"✅ Redis Pub Client Connected","timestamp":"2026-02-09T21:22:51.859Z"}
{"level":"info","message":"✅ Redis Pub Client Connected","timestamp":"2026-02-09T21:22:51.863Z"}
{"level":"info","message":"✅ Redis Pub Client Connected","timestamp":"2026-02-09T21:22:51.868Z"}
{"level":"info","message":"✅ Redis Pub Client Connected","timestamp":"2026-02-09T21:22:51.962Z"}
{"level":"info","message":"✅ Redis Pub Client Connected","timestamp":"2026-02-09T21:32:52.445Z"}
{"level":"info","message":"✅ Redis Pub Client Connected","timestamp":"2026-02-09T21:32:52.445Z"}
{"level":"info","message":"✅ Redis Pub Client Connected","timestamp":"2026-02-09T21:32:52.446Z"}
{"level":"info","message":"✅ Redis Pub Client Connected","timestamp":"2026-02-09T21:32:52.555Z"}
{"level":"info","message":"✅ Redis Pub Client Connected","timestamp":"2026-02-09T21:32:52.560Z"}
{"level":"info","message":"✅ Redis Pub Client Connected","timestamp":"2026-02-09T21:42:53.112Z"}
{"level":"info","message":"✅ Redis Pub Client Connected","timestamp":"2026-02-09T21:42:53.112Z"}
{"level":"info","message":"✅ Redis Pub Client Connected","timestamp":"2026-02-09T21:42:53.112Z"}
{"level":"info","message":"✅ Redis Pub Client Connected","timestamp":"2026-02-09T21:42:53.113Z"}
{"level":"info","message":"✅ Redis Pub Client Connected","timestamp":"2026-02-09T21:42:53.112Z"}
{"level":"info","message":"✅ Redis Pub Client Connected","timestamp":"2026-02-09T21:52:53.747Z"}
{"level":"info","message":"✅ Redis Pub Client Connected","timestamp":"2026-02-09T21:52:53.753Z"}
{"level":"info","message":"✅ Redis Pub Client Connected","timestamp":"2026-02-09T21:52:53.756Z"}
{"level":"info","message":"✅ Redis Pub Client Connected","timestamp":"2026-02-09T21:52:53.756Z"}
{"level":"info","message":"✅ Redis Pub Client Connected","timestamp":"2026-02-09T21:52:53.756Z"}
{"level":"info","message":"✅ Redis Pub Client Connected","timestamp":"2026-02-09T22:02:54.263Z"}
{"level":"info","message":"✅ Redis Pub Client Connected","timestamp":"2026-02-09T22:02:54.263Z"}
{"level":"info","message":"✅ Redis Pub Client Connected","timestamp":"2026-02-09T22:02:54.264Z"}
{"level":"info","message":"✅ Redis Pub Client Connected","timestamp":"2026-02-09T22:02:54.314Z"}
{"level":"info","message":"✅ Redis Pub Client Connected","timestamp":"2026-02-09T22:02:54.318Z"}
{"level":"info","message":"✅ Redis Pub Client Connected","timestamp":"2026-02-09T22:12:54.840Z"}
{"level":"info","message":"✅ Redis Pub Client Connected","timestamp":"2026-02-09T22:12:54.843Z"}
{"level":"info","message":"✅ Redis Pub Client Connected","timestamp":"2026-02-09T22:12:54.861Z"}
{"level":"info","message":"✅ Redis Pub Client Connected","timestamp":"2026-02-09T22:12:54.864Z"}
{"level":"info","message":"✅ Redis Pub Client Connected","timestamp":"2026-02-09T22:12:54.869Z"}
{"level":"info","message":"✅ Redis Pub Client Connected","timestamp":"2026-02-09T22:22:55.410Z"}
{"level":"info","message":"✅ Redis Pub Client Connected","timestamp":"2026-02-09T22:22:55.410Z"}
{"level":"info","message":"✅ Redis Pub Client Connected","timestamp":"2026-02-09T22:22:55.411Z"}
{"level":"info","message":"✅ Redis Pub Client Connected","timestamp":"2026-02-09T22:22:55.410Z"}
{"level":"info","message":"✅ Redis Pub Client Connected","timestamp":"2026-02-09T22:22:55.413Z"}
{"label":"💥 Uncaught Exception","level":"error","message":"listen EADDRINUSE: address already in use :::3002","stack":"Error: listen EADDRINUSE: address already in use :::3002\n    at Server.setupListenHandle [as _listen2] (node:net:2008:16)\n    at listenInCluster (node:net:2065:12)\n    at Server.listen (node:net:2170:7)\n    at Object.<anonymous> (/Users/prince/Downloads/SrmEcosystem/ioserver/server.js:104:8)\n    at Module._compile (node:internal/modules/cjs/loader:1809:14)\n    at Object..js (node:internal/modules/cjs/loader:1940:10)\n    at Module.load (node:internal/modules/cjs/loader:1530:32)\n    at Module._load (node:internal/modules/cjs/loader:1332:12)\n    at wrapModuleLoad (node:internal/modules/cjs/loader:255:19)\n    at Module.executeUserEntryPoint [as runMain] (node:internal/modules/run_main:154:5)","timestamp":"2026-02-09T22:23:51.251Z"}
{"label":"💥 Uncaught Exception","level":"error","message":"listen EADDRINUSE: address already in use :::3002","stack":"Error: listen EADDRINUSE: address already in use :::3002\n    at Server.setupListenHandle [as _listen2] (node:net:2008:16)\n    at listenInCluster (node:net:2065:12)\n    at Server.listen (node:net:2170:7)\n    at Object.<anonymous> (/Users/prince/Downloads/SrmEcosystem/ioserver/server.js:104:8)\n    at Module._compile (node:internal/modules/cjs/loader:1809:14)\n    at Object..js (node:internal/modules/cjs/loader:1940:10)\n    at Module.load (node:internal/modules/cjs/loader:1530:32)\n    at Module._load (node:internal/modules/cjs/loader:1332:12)\n    at wrapModuleLoad (node:internal/modules/cjs/loader:255:19)\n    at Module.executeUserEntryPoint [as runMain] (node:internal/modules/run_main:154:5)","timestamp":"2026-02-09T22:23:51.251Z"}
{"label":"💥 Uncaught Exception","level":"error","message":"listen EADDRINUSE: address already in use :::3002","stack":"Error: listen EADDRINUSE: address already in use :::3002\n    at Server.setupListenHandle [as _listen2] (node:net:2008:16)\n    at listenInCluster (node:net:2065:12)\n    at Server.listen (node:net:2170:7)\n    at Object.<anonymous> (/Users/prince/Downloads/SrmEcosystem/ioserver/server.js:104:8)\n    at Module._compile (node:internal/modules/cjs/loader:1809:14)\n    at Object..js (node:internal/modules/cjs/loader:1940:10)\n    at Module.load (node:internal/modules/cjs/loader:1530:32)\n    at Module._load (node:internal/modules/cjs/loader:1332:12)\n    at wrapModuleLoad (node:internal/modules/cjs/loader:255:19)\n    at Module.executeUserEntryPoint [as runMain] (node:internal/modules/run_main:154:5)","timestamp":"2026-02-09T22:23:51.251Z"}
{"label":"💥 Uncaught Exception","level":"error","message":"listen EADDRINUSE: address already in use :::3002","stack":"Error: listen EADDRINUSE: address already in use :::3002\n    at Server.setupListenHandle [as _listen2] (node:net:2008:16)\n    at listenInCluster (node:net:2065:12)\n    at Server.listen (node:net:2170:7)\n    at Object.<anonymous> (/Users/prince/Downloads/SrmEcosystem/ioserver/server.js:104:8)\n    at Module._compile (node:internal/modules/cjs/loader:1809:14)\n    at Object..js (node:internal/modules/cjs/loader:1940:10)\n    at Module.load (node:internal/modules/cjs/loader:1530:32)\n    at Module._load (node:internal/modules/cjs/loader:1332:12)\n    at wrapModuleLoad (node:internal/modules/cjs/loader:255:19)\n    at Module.executeUserEntryPoint [as runMain] (node:internal/modules/run_main:154:5)","timestamp":"2026-02-09T22:23:51.251Z"}
{"level":"info","message":"🚀 Worker 21356 listening on port 3002","timestamp":"2026-02-09T22:23:51.251Z"}
{"level":"info","message":"Attempting to connect to database...","timestamp":"2026-02-09T22:23:51.252Z"}
{"level":"info","message":"✅ Redis Sub Client Connected","timestamp":"2026-02-09T22:23:51.415Z"}
{"level":"info","message":"✅ Redis Pub Client Connected","timestamp":"2026-02-09T22:23:51.415Z"}
{"level":"info","message":"✅ Redis Pub Client Connected","timestamp":"2026-02-09T22:23:51.415Z"}
{"level":"info","message":"✅ Redis Pub Client Connected","timestamp":"2026-02-09T22:23:51.415Z"}
{"level":"info","message":"✅ Redis Sub Client Connected","timestamp":"2026-02-09T22:23:51.415Z"}
{"level":"info","message":"✅ Redis Sub Client Connected","timestamp":"2026-02-09T22:23:51.512Z"}
{"level":"info","message":"✅ Redis Pub Client Connected","timestamp":"2026-02-09T22:23:51.512Z"}
{"level":"info","message":"✅ Redis Sub Client Connected","timestamp":"2026-02-09T22:23:51.512Z"}
{"level":"info","message":"✅ Redis Sub Client Connected","timestamp":"2026-02-09T22:23:51.513Z"}
{"level":"info","message":"✅ Redis Pub Client Connected","timestamp":"2026-02-09T22:23:51.513Z"}
{"level":"info","message":"✅ Connected to database via Prisma","timestamp":"2026-02-09T22:23:51.941Z"}
{"label":"💥 Uncaught Exception","level":"error","message":"listen EADDRINUSE: address already in use :::3002","stack":"Error: listen EADDRINUSE: address already in use :::3002\n    at Server.setupListenHandle [as _listen2] (node:net:2008:16)\n    at listenInCluster (node:net:2065:12)\n    at Server.listen (node:net:2170:7)\n    at Object.<anonymous> (/Users/prince/Downloads/SrmEcosystem/ioserver/server.js:104:8)\n    at Module._compile (node:internal/modules/cjs/loader:1809:14)\n    at Object..js (node:internal/modules/cjs/loader:1940:10)\n    at Module.load (node:internal/modules/cjs/loader:1530:32)\n    at Module._load (node:internal/modules/cjs/loader:1332:12)\n    at wrapModuleLoad (node:internal/modules/cjs/loader:255:19)\n    at Module.executeUserEntryPoint [as runMain] (node:internal/modules/run_main:154:5)","timestamp":"2026-02-09T22:23:52.734Z"}
{"label":"💥 Uncaught Exception","level":"error","message":"listen EADDRINUSE: address already in use :::3002","stack":"Error: listen EADDRINUSE: address already in use :::3002\n    at Server.setupListenHandle [as _listen2] (node:net:2008:16)\n    at listenInCluster (node:net:2065:12)\n    at Server.listen (node:net:2170:7)\n    at Object.<anonymous> (/Users/prince/Downloads/SrmEcosystem/ioserver/server.js:104:8)\n    at Module._compile (node:internal/modules/cjs/loader:1809:14)\n    at Object..js (node:internal/modules/cjs/loader:1940:10)\n    at Module.load (node:internal/modules/cjs/loader:1530:32)\n    at Module._load (node:internal/modules/cjs/loader:1332:12)\n    at wrapModuleLoad (node:internal/modules/cjs/loader:255:19)\n    at Module.executeUserEntryPoint [as runMain] (node:internal/modules/run_main:154:5)","timestamp":"2026-02-09T22:23:52.734Z"}
{"label":"💥 Uncaught Exception","level":"error","message":"listen EADDRINUSE: address already in use :::3002","stack":"Error: listen EADDRINUSE: address already in use :::3002\n    at Server.setupListenHandle [as _listen2] (node:net:2008:16)\n    at listenInCluster (node:net:2065:12)\n    at Server.listen (node:net:2170:7)\n    at Object.<anonymous> (/Users/prince/Downloads/SrmEcosystem/ioserver/server.js:104:8)\n    at Module._compile (node:internal/modules/cjs/loader:1809:14)\n    at Object..js (node:internal/modules/cjs/loader:1940:10)\n    at Module.load (node:internal/modules/cjs/loader:1530:32)\n    at Module._load (node:internal/modules/cjs/loader:1332:12)\n    at wrapModuleLoad (node:internal/modules/cjs/loader:255:19)\n    at Module.executeUserEntryPoint [as runMain] (node:internal/modules/run_main:154:5)","timestamp":"2026-02-09T22:23:52.734Z"}
{"level":"info","message":"🚀 Worker 21490 listening on port 3002","timestamp":"2026-02-09T22:23:52.733Z"}
{"label":"💥 Uncaught Exception","level":"error","message":"listen EADDRINUSE: address already in use :::3002","stack":"Error: listen EADDRINUSE: address already in use :::3002\n    at Server.setupListenHandle [as _listen2] (node:net:2008:16)\n    at listenInCluster (node:net:2065:12)\n    at Server.listen (node:net:2170:7)\n    at Object.<anonymous> (/Users/prince/Downloads/SrmEcosystem/ioserver/server.js:104:8)\n    at Module._compile (node:internal/modules/cjs/loader:1809:14)\n    at Object..js (node:internal/modules/cjs/loader:1940:10)\n    at Module.load (node:internal/modules/cjs/loader:1530:32)\n    at Module._load (node:internal/modules/cjs/loader:1332:12)\n    at wrapModuleLoad (node:internal/modules/cjs/loader:255:19)\n    at Module.executeUserEntryPoint [as runMain] (node:internal/modules/run_main:154:5)","timestamp":"2026-02-09T22:23:52.734Z"}
{"level":"info","message":"Attempting to connect to database...","timestamp":"2026-02-09T22:23:52.735Z"}
{"level":"info","message":"✅ Redis Pub Client Connected","timestamp":"2026-02-09T22:23:52.897Z"}
{"level":"info","message":"✅ Redis Sub Client Connected","timestamp":"2026-02-09T22:23:52.897Z"}
{"level":"info","message":"✅ Redis Sub Client Connected","timestamp":"2026-02-09T22:23:52.898Z"}
{"level":"info","message":"✅ Redis Pub Client Connected","timestamp":"2026-02-09T22:23:52.901Z"}
{"level":"info","message":"✅ Redis Pub Client Connected","timestamp":"2026-02-09T22:23:52.903Z"}
{"level":"info","message":"✅ Redis Sub Client Connected","timestamp":"2026-02-09T22:23:52.903Z"}
{"level":"info","message":"✅ Redis Pub Client Connected","timestamp":"2026-02-09T22:23:52.919Z"}
{"level":"info","message":"✅ Redis Pub Client Connected","timestamp":"2026-02-09T22:23:52.921Z"}
{"level":"info","message":"✅ Redis Sub Client Connected","timestamp":"2026-02-09T22:23:52.925Z"}
{"level":"info","message":"✅ Redis Sub Client Connected","timestamp":"2026-02-09T22:23:52.926Z"}
{"level":"info","message":"✅ Connected to database via Prisma","timestamp":"2026-02-09T22:23:53.097Z"}
{"label":"💥 Uncaught Exception","level":"error","message":"listen EADDRINUSE: address already in use :::3002","stack":"Error: listen EADDRINUSE: address already in use :::3002\n    at Server.setupListenHandle [as _listen2] (node:net:2008:16)\n    at listenInCluster (node:net:2065:12)\n    at Server.listen (node:net:2170:7)\n    at Object.<anonymous> (/Users/prince/Downloads/SrmEcosystem/ioserver/server.js:104:8)\n    at Module._compile (node:internal/modules/cjs/loader:1809:14)\n    at Object..js (node:internal/modules/cjs/loader:1940:10)\n    at Module.load (node:internal/modules/cjs/loader:1530:32)\n    at Module._load (node:internal/modules/cjs/loader:1332:12)\n    at wrapModuleLoad (node:internal/modules/cjs/loader:255:19)\n    at Module.executeUserEntryPoint [as runMain] (node:internal/modules/run_main:154:5)","timestamp":"2026-02-09T22:23:54.719Z"}
{"label":"💥 Uncaught Exception","level":"error","message":"listen EADDRINUSE: address already in use :::3002","stack":"Error: listen EADDRINUSE: address already in use :::3002\n    at Server.setupListenHandle [as _listen2] (node:net:2008:16)\n    at listenInCluster (node:net:2065:12)\n    at Server.listen (node:net:2170:7)\n    at Object.<anonymous> (/Users/prince/Downloads/SrmEcosystem/ioserver/server.js:104:8)\n    at Module._compile (node:internal/modules/cjs/loader:1809:14)\n    at Object..js (node:internal/modules/cjs/loader:1940:10)\n    at Module.load (node:internal/modules/cjs/loader:1530:32)\n    at Module._load (node:internal/modules/cjs/loader:1332:12)\n    at wrapModuleLoad (node:internal/modules/cjs/loader:255:19)\n    at Module.executeUserEntryPoint [as runMain] (node:internal/modules/run_main:154:5)","timestamp":"2026-02-09T22:23:54.719Z"}
{"label":"💥 Uncaught Exception","level":"error","message":"listen EADDRINUSE: address already in use :::3002","stack":"Error: listen EADDRINUSE: address already in use :::3002\n    at Server.setupListenHandle [as _listen2] (node:net:2008:16)\n    at listenInCluster (node:net:2065:12)\n    at Server.listen (node:net:2170:7)\n    at Object.<anonymous> (/Users/prince/Downloads/SrmEcosystem/ioserver/server.js:104:8)\n    at Module._compile (node:internal/modules/cjs/loader:1809:14)\n    at Object..js (node:internal/modules/cjs/loader:1940:10)\n    at Module.load (node:internal/modules/cjs/loader:1530:32)\n    at Module._load (node:internal/modules/cjs/loader:1332:12)\n    at wrapModuleLoad (node:internal/modules/cjs/loader:255:19)\n    at Module.executeUserEntryPoint [as runMain] (node:internal/modules/run_main:154:5)","timestamp":"2026-02-09T22:23:54.719Z"}
{"level":"info","message":"🚀 Worker 21612 listening on port 3002","timestamp":"2026-02-09T22:23:54.718Z"}
{"level":"info","message":"Attempting to connect to database...","timestamp":"2026-02-09T22:23:54.720Z"}
{"label":"💥 Uncaught Exception","level":"error","message":"listen EADDRINUSE: address already in use :::3002","stack":"Error: listen EADDRINUSE: address already in use :::3002\n    at Server.setupListenHandle [as _listen2] (node:net:2008:16)\n    at listenInCluster (node:net:2065:12)\n    at Server.listen (node:net:2170:7)\n    at Object.<anonymous> (/Users/prince/Downloads/SrmEcosystem/ioserver/server.js:104:8)\n    at Module._compile (node:internal/modules/cjs/loader:1809:14)\n    at Object..js (node:internal/modules/cjs/loader:1940:10)\n    at Module.load (node:internal/modules/cjs/loader:1530:32)\n    at Module._load (node:internal/modules/cjs/loader:1332:12)\n    at wrapModuleLoad (node:internal/modules/cjs/loader:255:19)\n    at Module.executeUserEntryPoint [as runMain] (node:internal/modules/run_main:154:5)","timestamp":"2026-02-09T22:23:54.720Z"}
{"level":"info","message":"✅ Redis Sub Client Connected","timestamp":"2026-02-09T22:23:54.882Z"}
{"level":"info","message":"✅ Redis Sub Client Connected","timestamp":"2026-02-09T22:23:54.882Z"}
{"level":"info","message":"✅ Redis Pub Client Connected","timestamp":"2026-02-09T22:23:54.882Z"}
{"level":"info","message":"✅ Redis Pub Client Connected","timestamp":"2026-02-09T22:23:54.883Z"}
{"level":"info","message":"✅ Redis Sub Client Connected","timestamp":"2026-02-09T22:23:54.889Z"}
{"level":"info","message":"✅ Redis Pub Client Connected","timestamp":"2026-02-09T22:23:54.906Z"}
{"level":"info","message":"✅ Redis Pub Client Connected","timestamp":"2026-02-09T22:23:54.908Z"}
{"level":"info","message":"✅ Redis Sub Client Connected","timestamp":"2026-02-09T22:23:54.908Z"}
{"level":"info","message":"✅ Redis Pub Client Connected","timestamp":"2026-02-09T22:23:54.909Z"}
{"level":"info","message":"✅ Redis Sub Client Connected","timestamp":"2026-02-09T22:23:54.909Z"}
{"level":"info","message":"✅ Connected to database via Prisma","timestamp":"2026-02-09T22:23:55.055Z"}
